2019-04-12 08:57:59,146 INFO: Created Celery app [in /home/invenio/.virtualenvs/invenio/lib/python3.5/site-packages/invenio_app/celery.py:44]
2019-04-12 08:58:12,020 INFO: Created Celery app [in /home/invenio/.virtualenvs/invenio/lib/python3.5/site-packages/invenio_app/celery.py:44]
2019-04-12 08:58:15,966 DEBUG: Export journal task is running. [in /code/modules/weko-indextree-journal/weko_indextree_journal/tasks.py:57]
2019-04-12 08:58:15,992 INFO: [0] [Celery export_journal_task call api get all journal] [in /code/modules/weko-indextree-journal/weko_indextree_journal/tasks.py:132]
2019-04-12 08:58:15,992 INFO: [0] [Get all journal] START [in /code/modules/weko-indextree-journal/weko_indextree_journal/api.py:236]
2019-04-12 08:58:15,998 INFO: [0] [Get all journal] END [in /code/modules/weko-indextree-journal/weko_indextree_journal/api.py:238]
2019-04-12 08:59:15,998 DEBUG: Export journal task is running. [in /code/modules/weko-indextree-journal/weko_indextree_journal/tasks.py:57]
2019-04-12 08:59:16,027 INFO: [0] [Celery export_journal_task call api get all journal] [in /code/modules/weko-indextree-journal/weko_indextree_journal/tasks.py:132]
2019-04-12 08:59:16,028 INFO: [0] [Get all journal] START [in /code/modules/weko-indextree-journal/weko_indextree_journal/api.py:236]
2019-04-12 08:59:16,036 INFO: [0] [Get all journal] END [in /code/modules/weko-indextree-journal/weko_indextree_journal/api.py:238]
2019-04-12 09:00:16,047 DEBUG: Export journal task is running. [in /code/modules/weko-indextree-journal/weko_indextree_journal/tasks.py:57]
2019-04-12 09:00:16,053 INFO: [0] [Celery export_journal_task call api get all journal] [in /code/modules/weko-indextree-journal/weko_indextree_journal/tasks.py:132]
2019-04-12 09:00:16,053 INFO: [0] [Get all journal] START [in /code/modules/weko-indextree-journal/weko_indextree_journal/api.py:236]
2019-04-12 09:00:16,057 INFO: [0] [Get all journal] END [in /code/modules/weko-indextree-journal/weko_indextree_journal/api.py:238]
2019-04-12 09:00:40,284 INFO: Created Celery app [in /home/invenio/.virtualenvs/invenio/lib/python3.5/site-packages/invenio_app/celery.py:44]
2019-04-12 09:00:53,564 INFO: Created Celery app [in /home/invenio/.virtualenvs/invenio/lib/python3.5/site-packages/invenio_app/celery.py:44]
2019-04-12 09:01:42,543 INFO: Created Celery app [in /home/invenio/.virtualenvs/invenio/lib/python3.5/site-packages/invenio_app/celery.py:44]
2019-04-12 09:01:55,421 INFO: Created Celery app [in /home/invenio/.virtualenvs/invenio/lib/python3.5/site-packages/invenio_app/celery.py:44]
2019-04-12 09:01:55,500 DEBUG: [] [in /code/modules/weko-theme/weko_theme/views.py:86]
2019-04-12 09:01:59,389 DEBUG: Export journal task is running. [in /code/modules/weko-indextree-journal/weko_indextree_journal/tasks.py:57]
2019-04-12 09:01:59,417 INFO: [0] [Celery export_journal_task call api get all journal] [in /code/modules/weko-indextree-journal/weko_indextree_journal/tasks.py:132]
2019-04-12 09:01:59,418 INFO: [0] [Get all journal] START [in /code/modules/weko-indextree-journal/weko_indextree_journal/api.py:236]
2019-04-12 09:01:59,426 INFO: [0] [Get all journal] END [in /code/modules/weko-indextree-journal/weko_indextree_journal/api.py:238]
2019-04-12 09:02:41,673 DEBUG: 'NoneType' object is not subscriptable [in /code/modules/weko-index-tree/weko_index_tree/utils.py:320]
2019-04-12 09:02:59,438 DEBUG: Export journal task is running. [in /code/modules/weko-indextree-journal/weko_indextree_journal/tasks.py:57]
2019-04-12 09:02:59,461 INFO: [0] [Celery export_journal_task call api get all journal] [in /code/modules/weko-indextree-journal/weko_indextree_journal/tasks.py:132]
2019-04-12 09:02:59,461 INFO: [0] [Get all journal] START [in /code/modules/weko-indextree-journal/weko_indextree_journal/api.py:236]
2019-04-12 09:02:59,467 INFO: [0] [Get all journal] END [in /code/modules/weko-indextree-journal/weko_indextree_journal/api.py:238]
2019-04-12 09:03:59,488 DEBUG: Export journal task is running. [in /code/modules/weko-indextree-journal/weko_indextree_journal/tasks.py:57]
2019-04-12 09:03:59,512 INFO: [0] [Celery export_journal_task call api get all journal] [in /code/modules/weko-indextree-journal/weko_indextree_journal/tasks.py:132]
2019-04-12 09:03:59,512 INFO: [0] [Get all journal] START [in /code/modules/weko-indextree-journal/weko_indextree_journal/api.py:236]
2019-04-12 09:03:59,519 INFO: [0] [Get all journal] END [in /code/modules/weko-indextree-journal/weko_indextree_journal/api.py:238]
2019-04-12 09:04:17,494 INFO: [0] [Get Journal By Index ID  1555059799143] START [in /code/modules/weko-indextree-journal/weko_indextree_journal/api.py:208]
2019-04-12 09:04:17,503 INFO: [0] [Get Journal By Index ID  1555059799143] END [in /code/modules/weko-indextree-journal/weko_indextree_journal/api.py:210]
2019-04-12 09:04:17,503 INFO: [0] Return None when get by index ID 1555059799143. [in /code/modules/weko-indextree-journal/weko_indextree_journal/api.py:213]
2019-04-12 09:04:57,527 INFO: [0] [Get Journal By Index ID  1555059777510] START [in /code/modules/weko-indextree-journal/weko_indextree_journal/api.py:208]
2019-04-12 09:04:57,536 INFO: [0] [Get Journal By Index ID  1555059777510] END [in /code/modules/weko-indextree-journal/weko_indextree_journal/api.py:210]
2019-04-12 09:04:57,536 INFO: [0] Return None when get by index ID 1555059777510. [in /code/modules/weko-indextree-journal/weko_indextree_journal/api.py:213]
2019-04-12 09:04:59,538 DEBUG: Export journal task is running. [in /code/modules/weko-indextree-journal/weko_indextree_journal/tasks.py:57]
2019-04-12 09:04:59,562 INFO: [0] [Celery export_journal_task call api get all journal] [in /code/modules/weko-indextree-journal/weko_indextree_journal/tasks.py:132]
2019-04-12 09:04:59,563 INFO: [0] [Get all journal] START [in /code/modules/weko-indextree-journal/weko_indextree_journal/api.py:236]
2019-04-12 09:04:59,568 INFO: [0] [Get all journal] END [in /code/modules/weko-indextree-journal/weko_indextree_journal/api.py:238]
2019-04-12 09:05:32,033 INFO: [0] [Get Journal By Index ID  1555059777510] START [in /code/modules/weko-indextree-journal/weko_indextree_journal/api.py:208]
2019-04-12 09:05:32,042 INFO: [0] [Get Journal By Index ID  1555059777510] END [in /code/modules/weko-indextree-journal/weko_indextree_journal/api.py:210]
2019-04-12 09:05:35,319 INFO: [0] [Get Journal By Index ID  1555059799143] START [in /code/modules/weko-indextree-journal/weko_indextree_journal/api.py:208]
2019-04-12 09:05:35,328 INFO: [0] [Get Journal By Index ID  1555059799143] END [in /code/modules/weko-indextree-journal/weko_indextree_journal/api.py:210]
2019-04-12 09:05:36,534 INFO: [0] [Get Journal By Index ID  1555059810817] START [in /code/modules/weko-indextree-journal/weko_indextree_journal/api.py:208]
2019-04-12 09:05:36,541 INFO: [0] [Get Journal By Index ID  1555059810817] END [in /code/modules/weko-indextree-journal/weko_indextree_journal/api.py:210]
2019-04-12 09:05:36,541 INFO: [0] Return None when get by index ID 1555059810817. [in /code/modules/weko-indextree-journal/weko_indextree_journal/api.py:213]
2019-04-12 09:05:59,588 DEBUG: Export journal task is running. [in /code/modules/weko-indextree-journal/weko_indextree_journal/tasks.py:57]
2019-04-12 09:05:59,594 INFO: [0] [Celery export_journal_task call api get all journal] [in /code/modules/weko-indextree-journal/weko_indextree_journal/tasks.py:132]
2019-04-12 09:05:59,594 INFO: [0] [Get all journal] START [in /code/modules/weko-indextree-journal/weko_indextree_journal/api.py:236]
2019-04-12 09:05:59,597 INFO: [0] [Get all journal] END [in /code/modules/weko-indextree-journal/weko_indextree_journal/api.py:238]
2019-04-12 09:06:59,638 DEBUG: Export journal task is running. [in /code/modules/weko-indextree-journal/weko_indextree_journal/tasks.py:57]
2019-04-12 09:06:59,663 INFO: [0] [Celery export_journal_task call api get all journal] [in /code/modules/weko-indextree-journal/weko_indextree_journal/tasks.py:132]
2019-04-12 09:06:59,663 INFO: [0] [Get all journal] START [in /code/modules/weko-indextree-journal/weko_indextree_journal/api.py:236]
2019-04-12 09:06:59,670 INFO: [0] [Get all journal] END [in /code/modules/weko-indextree-journal/weko_indextree_journal/api.py:238]
2019-04-12 09:07:59,684 DEBUG: Export journal task is running. [in /code/modules/weko-indextree-journal/weko_indextree_journal/tasks.py:57]
2019-04-12 09:07:59,710 INFO: [0] [Celery export_journal_task call api get all journal] [in /code/modules/weko-indextree-journal/weko_indextree_journal/tasks.py:132]
2019-04-12 09:07:59,710 INFO: [0] [Get all journal] START [in /code/modules/weko-indextree-journal/weko_indextree_journal/api.py:236]
2019-04-12 09:07:59,717 INFO: [0] [Get all journal] END [in /code/modules/weko-indextree-journal/weko_indextree_journal/api.py:238]
2019-04-12 09:13:16,506 INFO: Created Celery app [in /home/invenio/.virtualenvs/invenio/lib/python3.5/site-packages/invenio_app/celery.py:44]
2019-04-12 09:13:29,531 INFO: Created Celery app [in /home/invenio/.virtualenvs/invenio/lib/python3.5/site-packages/invenio_app/celery.py:44]
2019-04-12 09:14:02,259 DEBUG: 'NoneType' object is not subscriptable [in /code/modules/weko-index-tree/weko_index_tree/utils.py:320]
2019-04-12 09:14:11,056 INFO: [0] [Get Journal By Index ID  1555059799143] START [in /code/modules/weko-indextree-journal/weko_indextree_journal/api.py:208]
2019-04-12 09:14:11,057 ERROR: [1] End with unknown error. Error:'int' object has no attribute '_sa_instance_state' [in /code/modules/weko-indextree-journal/weko_indextree_journal/api.py:224]
2019-04-12 09:14:14,094 INFO: [0] [Get Journal By Index ID  1555059810817] START [in /code/modules/weko-indextree-journal/weko_indextree_journal/api.py:208]
2019-04-12 09:14:14,096 ERROR: [1] End with unknown error. Error:'int' object has no attribute '_sa_instance_state' [in /code/modules/weko-indextree-journal/weko_indextree_journal/api.py:224]
2019-04-12 09:14:15,415 INFO: [0] [Get Journal By Index ID  1555059834481] START [in /code/modules/weko-indextree-journal/weko_indextree_journal/api.py:208]
2019-04-12 09:14:15,417 ERROR: [1] End with unknown error. Error:'int' object has no attribute '_sa_instance_state' [in /code/modules/weko-indextree-journal/weko_indextree_journal/api.py:224]
2019-04-12 09:14:16,625 INFO: [0] [Get Journal By Index ID  1555059777510] START [in /code/modules/weko-indextree-journal/weko_indextree_journal/api.py:208]
2019-04-12 09:14:16,626 ERROR: [1] End with unknown error. Error:'int' object has no attribute '_sa_instance_state' [in /code/modules/weko-indextree-journal/weko_indextree_journal/api.py:224]
2019-04-12 09:14:18,057 INFO: [0] [Get Journal By Index ID  1555059799143] START [in /code/modules/weko-indextree-journal/weko_indextree_journal/api.py:208]
2019-04-12 09:14:18,058 ERROR: [1] End with unknown error. Error:'int' object has no attribute '_sa_instance_state' [in /code/modules/weko-indextree-journal/weko_indextree_journal/api.py:224]
2019-04-12 09:14:33,491 DEBUG: Export journal task is running. [in /code/modules/weko-indextree-journal/weko_indextree_journal/tasks.py:57]
2019-04-12 09:14:33,516 INFO: [0] [Celery export_journal_task call api get all journal] [in /code/modules/weko-indextree-journal/weko_indextree_journal/tasks.py:132]
2019-04-12 09:14:33,516 INFO: [0] [Get all journal] START [in /code/modules/weko-indextree-journal/weko_indextree_journal/api.py:236]
2019-04-12 09:14:33,522 INFO: [0] [Get all journal] END [in /code/modules/weko-indextree-journal/weko_indextree_journal/api.py:238]
2019-04-12 09:15:03,049 INFO: [0] [Get Journal By Index ID  1555059799143] START [in /code/modules/weko-indextree-journal/weko_indextree_journal/api.py:208]
2019-04-12 09:15:03,051 ERROR: [1] End with unknown error. Error:'int' object has no attribute '_sa_instance_state' [in /code/modules/weko-indextree-journal/weko_indextree_journal/api.py:224]
2019-04-12 09:15:33,537 DEBUG: Export journal task is running. [in /code/modules/weko-indextree-journal/weko_indextree_journal/tasks.py:57]
2019-04-12 09:15:33,564 INFO: [0] [Celery export_journal_task call api get all journal] [in /code/modules/weko-indextree-journal/weko_indextree_journal/tasks.py:132]
2019-04-12 09:15:33,564 INFO: [0] [Get all journal] START [in /code/modules/weko-indextree-journal/weko_indextree_journal/api.py:236]
2019-04-12 09:15:33,570 INFO: [0] [Get all journal] END [in /code/modules/weko-indextree-journal/weko_indextree_journal/api.py:238]
2019-04-12 09:16:33,591 DEBUG: Export journal task is running. [in /code/modules/weko-indextree-journal/weko_indextree_journal/tasks.py:57]
2019-04-12 09:16:33,597 INFO: [0] [Celery export_journal_task call api get all journal] [in /code/modules/weko-indextree-journal/weko_indextree_journal/tasks.py:132]
2019-04-12 09:16:33,597 INFO: [0] [Get all journal] START [in /code/modules/weko-indextree-journal/weko_indextree_journal/api.py:236]
2019-04-12 09:16:33,599 INFO: [0] [Get all journal] END [in /code/modules/weko-indextree-journal/weko_indextree_journal/api.py:238]
2019-04-12 09:17:33,641 DEBUG: Export journal task is running. [in /code/modules/weko-indextree-journal/weko_indextree_journal/tasks.py:57]
2019-04-12 09:17:33,666 INFO: [0] [Celery export_journal_task call api get all journal] [in /code/modules/weko-indextree-journal/weko_indextree_journal/tasks.py:132]
2019-04-12 09:17:33,666 INFO: [0] [Get all journal] START [in /code/modules/weko-indextree-journal/weko_indextree_journal/api.py:236]
2019-04-12 09:17:33,672 INFO: [0] [Get all journal] END [in /code/modules/weko-indextree-journal/weko_indextree_journal/api.py:238]
2019-04-12 09:18:33,691 DEBUG: Export journal task is running. [in /code/modules/weko-indextree-journal/weko_indextree_journal/tasks.py:57]
2019-04-12 09:18:33,720 INFO: [0] [Celery export_journal_task call api get all journal] [in /code/modules/weko-indextree-journal/weko_indextree_journal/tasks.py:132]
2019-04-12 09:18:33,720 INFO: [0] [Get all journal] START [in /code/modules/weko-indextree-journal/weko_indextree_journal/api.py:236]
2019-04-12 09:18:33,728 INFO: [0] [Get all journal] END [in /code/modules/weko-indextree-journal/weko_indextree_journal/api.py:238]
2019-04-12 09:19:33,740 DEBUG: Export journal task is running. [in /code/modules/weko-indextree-journal/weko_indextree_journal/tasks.py:57]
2019-04-12 09:19:33,770 INFO: [0] [Celery export_journal_task call api get all journal] [in /code/modules/weko-indextree-journal/weko_indextree_journal/tasks.py:132]
2019-04-12 09:19:33,770 INFO: [0] [Get all journal] START [in /code/modules/weko-indextree-journal/weko_indextree_journal/api.py:236]
2019-04-12 09:19:33,776 INFO: [0] [Get all journal] END [in /code/modules/weko-indextree-journal/weko_indextree_journal/api.py:238]
2019-04-12 09:20:33,792 DEBUG: Export journal task is running. [in /code/modules/weko-indextree-journal/weko_indextree_journal/tasks.py:57]
2019-04-12 09:20:33,819 INFO: [0] [Celery export_journal_task call api get all journal] [in /code/modules/weko-indextree-journal/weko_indextree_journal/tasks.py:132]
2019-04-12 09:20:33,819 INFO: [0] [Get all journal] START [in /code/modules/weko-indextree-journal/weko_indextree_journal/api.py:236]
2019-04-12 09:20:33,827 INFO: [0] [Get all journal] END [in /code/modules/weko-indextree-journal/weko_indextree_journal/api.py:238]
2019-04-12 09:21:20,887 INFO: Created Celery app [in /home/invenio/.virtualenvs/invenio/lib/python3.5/site-packages/invenio_app/celery.py:44]
2019-04-12 09:21:34,314 INFO: Created Celery app [in /home/invenio/.virtualenvs/invenio/lib/python3.5/site-packages/invenio_app/celery.py:44]
2019-04-12 09:21:38,329 DEBUG: Export journal task is running. [in /code/modules/weko-indextree-journal/weko_indextree_journal/tasks.py:57]
2019-04-12 09:21:38,354 ERROR: [3] Execution failed due to multiple execution errors [in /code/modules/weko-indextree-journal/weko_indextree_journal/tasks.py:69]
2019-04-12 09:21:49,408 DEBUG: [] [in /code/modules/weko-theme/weko_theme/views.py:86]
2019-04-12 09:22:10,944 DEBUG: 'NoneType' object is not subscriptable [in /code/modules/weko-index-tree/weko_index_tree/utils.py:320]
2019-04-12 09:22:31,412 INFO: [0] [Get Journal By Index ID  1555059799143] START [in /code/modules/weko-indextree-journal/weko_indextree_journal/api.py:208]
2019-04-12 09:22:31,413 ERROR: [100] Data acquisition error (DB error). Error: SQL expression, column, or mapped entity expected - got '<class 'weko_indextree_journal.api.Journals'>' [in /code/modules/weko-indextree-journal/weko_indextree_journal/api.py:218]
2019-04-12 09:22:31,414 ERROR: [100] [Get Journal By Index ID  1555059799143] End with error. [in /code/modules/weko-indextree-journal/weko_indextree_journal/api.py:220]
2019-04-12 09:22:32,340 INFO: [0] [Get Journal By Index ID  1555059810817] START [in /code/modules/weko-indextree-journal/weko_indextree_journal/api.py:208]
2019-04-12 09:22:32,341 ERROR: [100] Data acquisition error (DB error). Error: SQL expression, column, or mapped entity expected - got '<class 'weko_indextree_journal.api.Journals'>' [in /code/modules/weko-indextree-journal/weko_indextree_journal/api.py:218]
2019-04-12 09:22:32,341 ERROR: [100] [Get Journal By Index ID  1555059810817] End with error. [in /code/modules/weko-indextree-journal/weko_indextree_journal/api.py:220]
2019-04-12 09:22:34,230 INFO: [0] [Get Journal By Index ID  1555059834481] START [in /code/modules/weko-indextree-journal/weko_indextree_journal/api.py:208]
2019-04-12 09:22:34,231 ERROR: [100] Data acquisition error (DB error). Error: SQL expression, column, or mapped entity expected - got '<class 'weko_indextree_journal.api.Journals'>' [in /code/modules/weko-indextree-journal/weko_indextree_journal/api.py:218]
2019-04-12 09:22:34,231 ERROR: [100] [Get Journal By Index ID  1555059834481] End with error. [in /code/modules/weko-indextree-journal/weko_indextree_journal/api.py:220]
2019-04-12 09:22:35,497 INFO: [0] [Get Journal By Index ID  1555059810817] START [in /code/modules/weko-indextree-journal/weko_indextree_journal/api.py:208]
2019-04-12 09:22:35,498 ERROR: [100] Data acquisition error (DB error). Error: SQL expression, column, or mapped entity expected - got '<class 'weko_indextree_journal.api.Journals'>' [in /code/modules/weko-indextree-journal/weko_indextree_journal/api.py:218]
2019-04-12 09:22:35,498 ERROR: [100] [Get Journal By Index ID  1555059810817] End with error. [in /code/modules/weko-indextree-journal/weko_indextree_journal/api.py:220]
2019-04-12 09:22:38,359 DEBUG: Export journal task is running. [in /code/modules/weko-indextree-journal/weko_indextree_journal/tasks.py:57]
2019-04-12 09:22:38,381 ERROR: [3] Execution failed due to multiple execution errors [in /code/modules/weko-indextree-journal/weko_indextree_journal/tasks.py:69]
2019-04-12 09:23:38,408 DEBUG: Export journal task is running. [in /code/modules/weko-indextree-journal/weko_indextree_journal/tasks.py:57]
2019-04-12 09:23:38,413 ERROR: [3] Execution failed due to multiple execution errors [in /code/modules/weko-indextree-journal/weko_indextree_journal/tasks.py:69]
2019-04-12 09:24:38,458 DEBUG: Export journal task is running. [in /code/modules/weko-indextree-journal/weko_indextree_journal/tasks.py:57]
2019-04-12 09:24:38,484 ERROR: [3] Execution failed due to multiple execution errors [in /code/modules/weko-indextree-journal/weko_indextree_journal/tasks.py:69]
2019-04-12 09:25:38,510 DEBUG: Export journal task is running. [in /code/modules/weko-indextree-journal/weko_indextree_journal/tasks.py:57]
2019-04-12 09:25:38,513 ERROR: [3] Execution failed due to multiple execution errors [in /code/modules/weko-indextree-journal/weko_indextree_journal/tasks.py:69]
2019-04-12 09:26:38,559 DEBUG: Export journal task is running. [in /code/modules/weko-indextree-journal/weko_indextree_journal/tasks.py:57]
2019-04-12 09:26:38,581 ERROR: [3] Execution failed due to multiple execution errors [in /code/modules/weko-indextree-journal/weko_indextree_journal/tasks.py:69]
2019-04-12 09:27:38,610 DEBUG: Export journal task is running. [in /code/modules/weko-indextree-journal/weko_indextree_journal/tasks.py:57]
2019-04-12 09:27:38,630 ERROR: [3] Execution failed due to multiple execution errors [in /code/modules/weko-indextree-journal/weko_indextree_journal/tasks.py:69]
2019-04-12 09:28:20,686 INFO: Created Celery app [in /home/invenio/.virtualenvs/invenio/lib/python3.5/site-packages/invenio_app/celery.py:44]
2019-04-12 09:28:33,965 INFO: Created Celery app [in /home/invenio/.virtualenvs/invenio/lib/python3.5/site-packages/invenio_app/celery.py:44]
2019-04-12 09:28:36,795 DEBUG: Export journal task is running. [in /code/modules/weko-indextree-journal/weko_indextree_journal/tasks.py:57]
2019-04-12 09:28:36,821 INFO: [0] [Celery export_journal_task call api get all journal] [in /code/modules/weko-indextree-journal/weko_indextree_journal/tasks.py:132]
2019-04-12 09:28:36,821 INFO: [0] [Get all journal] START [in /code/modules/weko-indextree-journal/weko_indextree_journal/api.py:236]
2019-04-12 09:28:36,827 INFO: [0] [Get all journal] END [in /code/modules/weko-indextree-journal/weko_indextree_journal/api.py:238]
2019-04-12 09:29:36,823 DEBUG: Export journal task is running. [in /code/modules/weko-indextree-journal/weko_indextree_journal/tasks.py:57]
2019-04-12 09:29:36,850 INFO: [0] [Celery export_journal_task call api get all journal] [in /code/modules/weko-indextree-journal/weko_indextree_journal/tasks.py:132]
2019-04-12 09:29:36,850 INFO: [0] [Get all journal] START [in /code/modules/weko-indextree-journal/weko_indextree_journal/api.py:236]
2019-04-12 09:29:36,857 INFO: [0] [Get all journal] END [in /code/modules/weko-indextree-journal/weko_indextree_journal/api.py:238]
2019-04-12 09:31:06,408 INFO: Created Celery app [in /home/invenio/.virtualenvs/invenio/lib/python3.5/site-packages/invenio_app/celery.py:44]
2019-04-12 09:31:19,221 INFO: Created Celery app [in /home/invenio/.virtualenvs/invenio/lib/python3.5/site-packages/invenio_app/celery.py:44]
2019-04-12 09:31:23,136 DEBUG: Export journal task is running. [in /code/modules/weko-indextree-journal/weko_indextree_journal/tasks.py:57]
2019-04-12 09:31:23,164 INFO: [0] [Celery export_journal_task call api get all journal] [in /code/modules/weko-indextree-journal/weko_indextree_journal/tasks.py:132]
2019-04-12 09:31:23,164 INFO: [0] [Get all journal] START [in /code/modules/weko-indextree-journal/weko_indextree_journal/api.py:236]
2019-04-12 09:31:23,170 INFO: [0] [Get all journal] END [in /code/modules/weko-indextree-journal/weko_indextree_journal/api.py:238]
2019-04-12 09:31:49,460 DEBUG: [] [in /code/modules/weko-theme/weko_theme/views.py:86]
2019-04-12 09:32:23,134 DEBUG: Export journal task is running. [in /code/modules/weko-indextree-journal/weko_indextree_journal/tasks.py:57]
2019-04-12 09:32:23,159 INFO: [0] [Celery export_journal_task call api get all journal] [in /code/modules/weko-indextree-journal/weko_indextree_journal/tasks.py:132]
2019-04-12 09:32:23,159 INFO: [0] [Get all journal] START [in /code/modules/weko-indextree-journal/weko_indextree_journal/api.py:236]
2019-04-12 09:32:23,165 INFO: [0] [Get all journal] END [in /code/modules/weko-indextree-journal/weko_indextree_journal/api.py:238]
2019-04-12 09:32:46,508 INFO: auth login success: 1,80b27d01980f4da9_5cb05b3e,b'120.72.106.2' [in /code/modules/weko-accounts/weko_accounts/sessions.py:46]
2019-04-12 09:32:50,440 DEBUG: 'NoneType' object is not subscriptable [in /code/modules/weko-index-tree/weko_index_tree/utils.py:320]
2019-04-12 09:33:23,184 DEBUG: Export journal task is running. [in /code/modules/weko-indextree-journal/weko_indextree_journal/tasks.py:57]
2019-04-12 09:33:23,208 INFO: [0] [Celery export_journal_task call api get all journal] [in /code/modules/weko-indextree-journal/weko_indextree_journal/tasks.py:132]
2019-04-12 09:33:23,209 INFO: [0] [Get all journal] START [in /code/modules/weko-indextree-journal/weko_indextree_journal/api.py:236]
2019-04-12 09:33:23,215 INFO: [0] [Get all journal] END [in /code/modules/weko-indextree-journal/weko_indextree_journal/api.py:238]
2019-04-12 09:33:24,419 INFO: [0] [Get Journal By Index ID  1555059799143] START [in /code/modules/weko-indextree-journal/weko_indextree_journal/api.py:208]
2019-04-12 09:33:24,426 INFO: [0] [Get Journal By Index ID  1555059799143] END [in /code/modules/weko-indextree-journal/weko_indextree_journal/api.py:210]
2019-04-12 09:33:24,432 ERROR: [101] Invalid setting file error [in /code/modules/weko-indextree-journal/weko_indextree_journal/views.py:66]
2019-04-12 09:33:24,432 ERROR: [101] Invalid setting file error [in /code/modules/weko-indextree-journal/weko_indextree_journal/views.py:72]
2019-04-12 09:33:26,244 INFO: [0] [Get Journal By Index ID  1555059799143] START [in /code/modules/weko-indextree-journal/weko_indextree_journal/api.py:208]
2019-04-12 09:33:26,252 INFO: [0] [Get Journal By Index ID  1555059799143] END [in /code/modules/weko-indextree-journal/weko_indextree_journal/api.py:210]
2019-04-12 09:33:26,259 ERROR: [101] Invalid setting file error [in /code/modules/weko-indextree-journal/weko_indextree_journal/views.py:66]
2019-04-12 09:33:26,259 ERROR: [101] Invalid setting file error [in /code/modules/weko-indextree-journal/weko_indextree_journal/views.py:72]
2019-04-12 09:33:26,539 INFO: [0] [Get Journal By Index ID  1555059777510] START [in /code/modules/weko-indextree-journal/weko_indextree_journal/api.py:208]
2019-04-12 09:33:26,544 INFO: [0] [Get Journal By Index ID  1555059777510] END [in /code/modules/weko-indextree-journal/weko_indextree_journal/api.py:210]
2019-04-12 09:33:26,550 ERROR: [101] Invalid setting file error [in /code/modules/weko-indextree-journal/weko_indextree_journal/views.py:66]
2019-04-12 09:33:26,550 ERROR: [101] Invalid setting file error [in /code/modules/weko-indextree-journal/weko_indextree_journal/views.py:72]
2019-04-12 09:33:30,497 INFO: [0] [Get Journal By Index ID  1555059799143] START [in /code/modules/weko-indextree-journal/weko_indextree_journal/api.py:208]
2019-04-12 09:33:30,506 INFO: [0] [Get Journal By Index ID  1555059799143] END [in /code/modules/weko-indextree-journal/weko_indextree_journal/api.py:210]
2019-04-12 09:33:30,513 ERROR: [101] Invalid setting file error [in /code/modules/weko-indextree-journal/weko_indextree_journal/views.py:66]
2019-04-12 09:33:30,513 ERROR: [101] Invalid setting file error [in /code/modules/weko-indextree-journal/weko_indextree_journal/views.py:72]
2019-04-12 09:33:32,178 INFO: [0] [Get Journal By Index ID  1555059799143] START [in /code/modules/weko-indextree-journal/weko_indextree_journal/api.py:208]
2019-04-12 09:33:32,185 INFO: [0] [Get Journal By Index ID  1555059799143] END [in /code/modules/weko-indextree-journal/weko_indextree_journal/api.py:210]
2019-04-12 09:33:32,192 ERROR: [101] Invalid setting file error [in /code/modules/weko-indextree-journal/weko_indextree_journal/views.py:66]
2019-04-12 09:33:32,192 ERROR: [101] Invalid setting file error [in /code/modules/weko-indextree-journal/weko_indextree_journal/views.py:72]
2019-04-12 09:33:36,761 ERROR: [101] Invalid setting file error [in /code/modules/weko-indextree-journal/weko_indextree_journal/views.py:66]
2019-04-12 09:33:36,762 ERROR: [101] Invalid setting file error [in /code/modules/weko-indextree-journal/weko_indextree_journal/views.py:72]
2019-04-12 09:33:39,308 INFO: [0] [Get Journal By Index ID  1555059834481] START [in /code/modules/weko-indextree-journal/weko_indextree_journal/api.py:208]
2019-04-12 09:33:39,317 INFO: [0] [Get Journal By Index ID  1555059834481] END [in /code/modules/weko-indextree-journal/weko_indextree_journal/api.py:210]
2019-04-12 09:33:39,317 INFO: [0] Return None when get by index ID 1555059834481. [in /code/modules/weko-indextree-journal/weko_indextree_journal/api.py:213]
2019-04-12 09:33:39,318 ERROR: [101] Invalid setting file error [in /code/modules/weko-indextree-journal/weko_indextree_journal/views.py:66]
2019-04-12 09:33:39,318 ERROR: [101] Invalid setting file error [in /code/modules/weko-indextree-journal/weko_indextree_journal/views.py:72]
2019-04-12 09:34:23,232 DEBUG: Export journal task is running. [in /code/modules/weko-indextree-journal/weko_indextree_journal/tasks.py:57]
2019-04-12 09:34:23,260 INFO: [0] [Celery export_journal_task call api get all journal] [in /code/modules/weko-indextree-journal/weko_indextree_journal/tasks.py:132]
2019-04-12 09:34:23,260 INFO: [0] [Get all journal] START [in /code/modules/weko-indextree-journal/weko_indextree_journal/api.py:236]
2019-04-12 09:34:23,266 INFO: [0] [Get all journal] END [in /code/modules/weko-indextree-journal/weko_indextree_journal/api.py:238]
2019-04-12 09:35:23,282 DEBUG: Export journal task is running. [in /code/modules/weko-indextree-journal/weko_indextree_journal/tasks.py:57]
2019-04-12 09:35:23,288 INFO: [0] [Celery export_journal_task call api get all journal] [in /code/modules/weko-indextree-journal/weko_indextree_journal/tasks.py:132]
2019-04-12 09:35:23,288 INFO: [0] [Get all journal] START [in /code/modules/weko-indextree-journal/weko_indextree_journal/api.py:236]
2019-04-12 09:35:23,291 INFO: [0] [Get all journal] END [in /code/modules/weko-indextree-journal/weko_indextree_journal/api.py:238]
